c:\users\alexr\source\repos\projectsapp\projectsapp\x64\debug\vc143.pdb
c:\users\alexr\source\repos\projectsapp\projectsapp\x64\debug\.netframework,version=v4.7.2.assemblyattributes.obj
c:\users\alexr\source\repos\projectsapp\projectsapp\x64\debug\registerform.obj
c:\users\alexr\source\repos\projectsapp\projectsapp\x64\debug\program.obj
c:\users\alexr\source\repos\projectsapp\projectsapp\x64\debug\mainform.obj
c:\users\alexr\source\repos\projectsapp\projectsapp\x64\debug\loginform.obj
c:\users\alexr\source\repos\projectsapp\x64\debug\projectsapp.exe
c:\users\alexr\source\repos\projectsapp\x64\debug\projectsapp.pdb
c:\users\alexr\source\repos\projectsapp\projectsapp\x64\debug\projectsapp.tlog\cl.command.1.tlog
c:\users\alexr\source\repos\projectsapp\projectsapp\x64\debug\projectsapp.tlog\cl.items.tlog
c:\users\alexr\source\repos\projectsapp\projectsapp\x64\debug\projectsapp.tlog\cl.read.1.tlog
c:\users\alexr\source\repos\projectsapp\projectsapp\x64\debug\projectsapp.tlog\cl.write.1.tlog
c:\users\alexr\source\repos\projectsapp\projectsapp\x64\debug\projectsapp.tlog\link.command.1.tlog
c:\users\alexr\source\repos\projectsapp\projectsapp\x64\debug\projectsapp.tlog\link.read.1.tlog
c:\users\alexr\source\repos\projectsapp\projectsapp\x64\debug\projectsapp.tlog\link.write.1.tlog
c:\users\alexr\source\repos\projectsapp\projectsapp\x64\debug\projectsapp.tlog\metagen.read.1.tlog
c:\users\alexr\source\repos\projectsapp\projectsapp\x64\debug\projectsapp.tlog\metagen.write.1.tlog
c:\users\alexr\source\repos\projectsapp\projectsapp\x64\debug\projectsapp.tlog\resgen.command.1.tlog
c:\users\alexr\source\repos\projectsapp\projectsapp\x64\debug\projectsapp.tlog\resgen.read.1.tlog
c:\users\alexr\source\repos\projectsapp\projectsapp\x64\debug\projectsapp.tlog\resgen.write.1.tlog
